::1 - - [23/Oct/2018:12:03:11 +0300] "-" 408 -
::1 - - [23/Oct/2018:12:03:11 +0300] "-" 408 -
::1 - - [23/Oct/2018:12:02:10 +0300] "GET /index.php HTTP/1.1" 200 -
::1 - - [23/Oct/2018:12:05:27 +0300] "-" 408 -
::1 - - [23/Oct/2018:12:05:27 +0300] "-" 408 -
::1 - - [23/Oct/2018:12:04:26 +0300] "GET /index.php HTTP/1.1" 200 -
::1 - - [23/Oct/2018:12:07:09 +0300] "-" 408 -
::1 - - [23/Oct/2018:12:06:09 +0300] "GET /index.php HTTP/1.1" 200 156
::1 - - [23/Oct/2018:12:08:37 +0300] "-" 408 -
::1 - - [23/Oct/2018:12:07:36 +0300] "GET /index.php HTTP/1.1" 200 156
::1 - - [23/Oct/2018:12:19:24 +0300] "-" 408 -
::1 - - [23/Oct/2018:12:18:23 +0300] "GET /index.php HTTP/1.1" 200 156
::1 - - [23/Oct/2018:12:19:28 +0300] "-" 408 -
::1 - - [23/Oct/2018:12:18:27 +0300] "GET /index.php HTTP/1.1" 200 156
::1 - - [23/Oct/2018:14:13:55 +0300] "-" 408 -
::1 - - [23/Oct/2018:14:12:52 +0300] "GET /index.php HTTP/1.1" 200 156
::1 - - [23/Oct/2018:14:13:55 +0300] "GET /favicon.ico HTTP/1.1" 404 209
::1 - - [23/Oct/2018:15:17:52 +0300] "GET /phpmyadmin HTTP/1.1" 301 241
::1 - - [23/Oct/2018:15:17:52 +0300] "GET /phpmyadmin/ HTTP/1.1" 200 3717
::1 - - [23/Oct/2018:15:17:53 +0300] "GET /phpmyadmin/themes/pmahomme/jquery/jquery-ui.css HTTP/1.1" 200 36566
::1 - - [23/Oct/2018:15:17:53 +0300] "GET /phpmyadmin/js/vendor/codemirror/lib/codemirror.css?v=4.8.2 HTTP/1.1" 200 8542
::1 - - [23/Oct/2018:15:17:53 +0300] "GET /phpmyadmin/js/vendor/jquery/jquery-migrate.js?v=4.8.2 HTTP/1.1" 200 17813
::1 - - [23/Oct/2018:15:17:53 +0300] "GET /phpmyadmin/js/vendor/codemirror/addon/hint/show-hint.css?v=4.8.2 HTTP/1.1" 200 623
::1 - - [23/Oct/2018:15:17:53 +0300] "GET /phpmyadmin/js/vendor/sprintf.js?v=4.8.2 HTTP/1.1" 200 7387
::1 - - [23/Oct/2018:15:17:53 +0300] "GET /phpmyadmin/js/vendor/codemirror/addon/lint/lint.css?v=4.8.2 HTTP/1.1" 200 2999
::1 - - [23/Oct/2018:15:17:53 +0300] "GET /phpmyadmin/js/vendor/jquery/jquery.min.js?v=4.8.2 HTTP/1.1" 200 86927
::1 - - [23/Oct/2018:15:17:53 +0300] "GET /phpmyadmin/js/ajax.js?v=4.8.2 HTTP/1.1" 200 31246
::1 - - [23/Oct/2018:15:17:53 +0300] "GET /phpmyadmin/js/keyhandler.js?v=4.8.2 HTTP/1.1" 200 3333
::1 - - [23/Oct/2018:15:17:53 +0300] "GET /phpmyadmin/js/vendor/js.cookie.js?v=4.8.2 HTTP/1.1" 200 3886
::1 - - [23/Oct/2018:15:17:53 +0300] "GET /phpmyadmin/js/vendor/jquery/jquery-ui.min.js?v=4.8.2 HTTP/1.1" 200 253681
::1 - - [23/Oct/2018:15:17:53 +0300] "GET /phpmyadmin/js/vendor/jquery/jquery.event.drag-2.2.js?v=4.8.2 HTTP/1.1" 200 12826
::1 - - [23/Oct/2018:15:17:53 +0300] "GET /phpmyadmin/js/vendor/jquery/jquery.mousewheel.js?v=4.8.2 HTTP/1.1" 200 8267
::1 - - [23/Oct/2018:15:17:53 +0300] "GET /phpmyadmin/js/vendor/jquery/jquery.validate.js?v=4.8.2 HTTP/1.1" 200 48696
::1 - - [23/Oct/2018:15:17:53 +0300] "GET /phpmyadmin/phpmyadmin.css.php?nocache=4599438896ltr&server=1 HTTP/1.1" 200 20687
::1 - - [23/Oct/2018:15:17:53 +0300] "GET /phpmyadmin/js/vendor/jquery/jquery.ba-hashchange-1.3.js?v=4.8.2 HTTP/1.1" 200 16522
::1 - - [23/Oct/2018:15:17:53 +0300] "GET /phpmyadmin/js/vendor/jquery/jquery-ui-timepicker-addon.js?v=4.8.2 HTTP/1.1" 200 78475
::1 - - [23/Oct/2018:15:17:53 +0300] "GET /phpmyadmin/js/cross_framing_protection.js?v=4.8.2 HTTP/1.1" 200 471
::1 - - [23/Oct/2018:15:17:53 +0300] "GET /phpmyadmin/js/vendor/jquery/jquery.debounce-1.0.5.js?v=4.8.2 HTTP/1.1" 200 1169
::1 - - [23/Oct/2018:15:17:54 +0300] "GET /phpmyadmin/js/rte.js?v=4.8.2 HTTP/1.1" 200 47678
::1 - - [23/Oct/2018:15:17:54 +0300] "GET /phpmyadmin/js/vendor/tracekit.js?v=4.8.2 HTTP/1.1" 200 45389
::1 - - [23/Oct/2018:15:17:54 +0300] "GET /phpmyadmin/js/config.js?v=4.8.2 HTTP/1.1" 200 26929
::1 - - [23/Oct/2018:15:17:53 +0300] "GET /phpmyadmin/js/whitelist.php?v=4.8.2 HTTP/1.1" 200 57
::1 - - [23/Oct/2018:15:17:54 +0300] "GET /phpmyadmin/js/error_report.js?v=4.8.2 HTTP/1.1" 200 10112
::1 - - [23/Oct/2018:15:17:54 +0300] "GET /phpmyadmin/js/menu-resizer.js?v=4.8.2 HTTP/1.1" 200 8318
::1 - - [23/Oct/2018:15:17:54 +0300] "GET /phpmyadmin/js/doclinks.js?v=4.8.2 HTTP/1.1" 200 20643
::1 - - [23/Oct/2018:15:17:54 +0300] "GET /phpmyadmin/js/indexes.js?v=4.8.2 HTTP/1.1" 200 27371
::1 - - [23/Oct/2018:15:17:54 +0300] "GET /phpmyadmin/js/navigation.js?v=4.8.2 HTTP/1.1" 200 59816
::1 - - [23/Oct/2018:15:17:54 +0300] "GET /phpmyadmin/js/common.js?v=4.8.2 HTTP/1.1" 200 19168
::1 - - [23/Oct/2018:15:17:54 +0300] "GET /phpmyadmin/js/functions.js?v=4.8.2 HTTP/1.1" 200 173390
::1 - - [23/Oct/2018:15:17:54 +0300] "GET /phpmyadmin/js/page_settings.js?v=4.8.2 HTTP/1.1" 200 1749
::1 - - [23/Oct/2018:15:17:54 +0300] "GET /phpmyadmin/js/messages.php?l=ru&v=4.8.2 HTTP/1.1" 200 11682
::1 - - [23/Oct/2018:15:17:54 +0300] "GET /phpmyadmin/js/shortcuts_handler.js?v=4.8.2 HTTP/1.1" 200 3264
::1 - - [23/Oct/2018:15:17:54 +0300] "GET /phpmyadmin/js/vendor/codemirror/addon/runmode/runmode.js?v=4.8.2 HTTP/1.1" 200 2499
::1 - - [23/Oct/2018:15:17:54 +0300] "GET /phpmyadmin/js/vendor/codemirror/mode/sql/sql.js?v=4.8.2 HTTP/1.1" 200 45323
::1 - - [23/Oct/2018:15:17:54 +0300] "GET /phpmyadmin/js/vendor/codemirror/lib/codemirror.js?v=4.8.2 HTTP/1.1" 200 373234
::1 - - [23/Oct/2018:15:17:54 +0300] "GET /phpmyadmin/js/vendor/codemirror/addon/hint/show-hint.js?v=4.8.2 HTTP/1.1" 200 15909
::1 - - [23/Oct/2018:15:17:54 +0300] "GET /phpmyadmin/js/vendor/codemirror/addon/hint/sql-hint.js?v=4.8.2 HTTP/1.1" 200 9148
::1 - - [23/Oct/2018:15:17:54 +0300] "GET /phpmyadmin/js/vendor/codemirror/addon/lint/lint.js?v=4.8.2 HTTP/1.1" 200 8609
::1 - - [23/Oct/2018:15:17:54 +0300] "GET /phpmyadmin/js/codemirror/addon/lint/sql-lint.js?v=4.8.2 HTTP/1.1" 200 1048
::1 - - [23/Oct/2018:15:17:54 +0300] "GET /phpmyadmin/js/console.js?v=4.8.2 HTTP/1.1" 200 57278
::1 - - [23/Oct/2018:15:17:55 +0300] "GET /phpmyadmin/themes/dot.gif HTTP/1.1" 200 43
::1 - - [23/Oct/2018:15:17:55 +0300] "GET /phpmyadmin/themes/pmahomme/img/logo_right.png HTTP/1.1" 200 4306
::1 - - [23/Oct/2018:15:17:55 +0300] "GET /phpmyadmin/themes/pmahomme/css/printview.css?v=4.8.2 HTTP/1.1" 200 2746
::1 - - [23/Oct/2018:15:17:55 +0300] "GET /phpmyadmin/themes/pmahomme/img/s_error.png HTTP/1.1" 200 614
::1 - - [23/Oct/2018:15:17:55 +0300] "GET /phpmyadmin/themes/pmahomme/img/b_help.png HTTP/1.1" 200 705
::1 - - [23/Oct/2018:15:17:58 +0300] "POST /phpmyadmin/index.php HTTP/1.1" 302 25
::1 - - [23/Oct/2018:15:17:58 +0300] "GET /phpmyadmin/index.php HTTP/1.1" 200 15714
::1 - - [23/Oct/2018:15:17:59 +0300] "GET /phpmyadmin/themes/pmahomme/img/logo_left.png HTTP/1.1" 200 2713
::1 - - [23/Oct/2018:15:17:59 +0300] "GET /phpmyadmin/phpmyadmin.css.php?nocache=6139735975ltr&server=1 HTTP/1.1" 200 20687
::1 - - [23/Oct/2018:15:18:00 +0300] "GET /phpmyadmin/themes/pmahomme/img/left_nav_bg.png HTTP/1.1" 200 146
::1 - - [23/Oct/2018:15:18:00 +0300] "GET /phpmyadmin/themes/pmahomme/img/s_db.png HTTP/1.1" 200 328
::1 - - [23/Oct/2018:15:18:00 +0300] "GET /phpmyadmin/themes/pmahomme/img/s_link.png HTTP/1.1" 200 280
::1 - - [23/Oct/2018:15:18:00 +0300] "GET /phpmyadmin/themes/pmahomme/img/b_newdb.png HTTP/1.1" 200 585
::1 - - [23/Oct/2018:15:18:00 +0300] "GET /phpmyadmin/themes/pmahomme/img/b_sqlhelp.png HTTP/1.1" 200 512
::1 - - [23/Oct/2018:15:18:00 +0300] "GET /phpmyadmin/themes/pmahomme/img/b_plus.png HTTP/1.1" 200 143
::1 - - [23/Oct/2018:15:18:00 +0300] "GET /phpmyadmin/themes/pmahomme/img/s_reload.png HTTP/1.1" 200 527
::1 - - [23/Oct/2018:15:18:00 +0300] "GET /phpmyadmin/themes/pmahomme/img/s_loggoff.png HTTP/1.1" 200 626
::1 - - [23/Oct/2018:15:18:00 +0300] "GET /phpmyadmin/themes/pmahomme/img/b_home.png HTTP/1.1" 200 734
::1 - - [23/Oct/2018:15:18:00 +0300] "GET /phpmyadmin/themes/pmahomme/img/b_docs.png HTTP/1.1" 200 705
::1 - - [23/Oct/2018:15:18:00 +0300] "GET /phpmyadmin/themes/pmahomme/img/s_cog.png HTTP/1.1" 200 442
::1 - - [23/Oct/2018:15:18:00 +0300] "GET /phpmyadmin/themes/pmahomme/img/ajax_clock_small.gif HTTP/1.1" 200 1810
::1 - - [23/Oct/2018:15:18:00 +0300] "GET /phpmyadmin/themes/pmahomme/img/window-new.png HTTP/1.1" 200 468
::1 - - [23/Oct/2018:15:18:00 +0300] "GET /phpmyadmin/themes/pmahomme/img/s_notice.png HTTP/1.1" 200 567
::1 - - [23/Oct/2018:15:18:00 +0300] "GET /phpmyadmin/themes/pmahomme/img/b_tblops.png HTTP/1.1" 200 537
::1 - - [23/Oct/2018:15:18:00 +0300] "GET /phpmyadmin/themes/pmahomme/img/s_theme.png HTTP/1.1" 200 772
::1 - - [23/Oct/2018:15:18:00 +0300] "GET /phpmyadmin/themes/pmahomme/img/s_lang.png HTTP/1.1" 200 659
::1 - - [23/Oct/2018:15:18:00 +0300] "GET /phpmyadmin/themes/pmahomme/img/s_asci.png HTTP/1.1" 200 148
::1 - - [23/Oct/2018:15:18:00 +0300] "GET /phpmyadmin/themes/pmahomme/img/s_passwd.png HTTP/1.1" 200 331
::1 - - [23/Oct/2018:15:18:01 +0300] "GET /phpmyadmin/themes/pmahomme/img/console.png HTTP/1.1" 200 292
::1 - - [23/Oct/2018:15:18:01 +0300] "GET /phpmyadmin/themes/pmahomme/img/s_top.png HTTP/1.1" 200 220
::1 - - [23/Oct/2018:15:18:01 +0300] "GET /phpmyadmin/themes/pmahomme/img/b_plugin.png HTTP/1.1" 200 512
::1 - - [23/Oct/2018:15:18:01 +0300] "GET /phpmyadmin/themes/pmahomme/img/b_engine.png HTTP/1.1" 200 398
::1 - - [23/Oct/2018:15:18:01 +0300] "GET /phpmyadmin/themes/pmahomme/img/s_vars.png HTTP/1.1" 200 523
::1 - - [23/Oct/2018:15:18:01 +0300] "GET /phpmyadmin/themes/pmahomme/img/s_replication.png HTTP/1.1" 200 399
::1 - - [23/Oct/2018:15:18:01 +0300] "GET /phpmyadmin/themes/pmahomme/img/s_tbl.png HTTP/1.1" 200 645
::1 - - [23/Oct/2018:15:18:01 +0300] "GET /phpmyadmin/themes/pmahomme/img/s_host.png HTTP/1.1" 200 591
::1 - - [23/Oct/2018:15:18:01 +0300] "GET /phpmyadmin/themes/pmahomme/img/b_import.png HTTP/1.1" 200 556
::1 - - [23/Oct/2018:15:18:01 +0300] "GET /phpmyadmin/themes/pmahomme/img/s_rights.png HTTP/1.1" 200 461
::1 - - [23/Oct/2018:15:18:01 +0300] "GET /phpmyadmin/themes/pmahomme/img/b_sql.png HTTP/1.1" 200 680
::1 - - [23/Oct/2018:15:18:01 +0300] "GET /phpmyadmin/themes/pmahomme/img/s_status.png HTTP/1.1" 200 600
::1 - - [23/Oct/2018:15:18:01 +0300] "GET /phpmyadmin/themes/pmahomme/img/b_export.png HTTP/1.1" 200 514
::1 - - [23/Oct/2018:15:18:01 +0300] "POST /phpmyadmin/ajax.php HTTP/1.1" 200 1652
::1 - - [23/Oct/2018:15:18:01 +0300] "GET /phpmyadmin/themes/pmahomme/img/b_more.png HTTP/1.1" 200 111
::1 - - [23/Oct/2018:15:18:01 +0300] "POST /phpmyadmin/navigation.php?ajax_request=1 HTTP/1.1" 200 2428
::1 - - [23/Oct/2018:15:18:01 +0300] "POST /phpmyadmin/ajax.php HTTP/1.1" 200 1746
::1 - - [23/Oct/2018:15:18:02 +0300] "POST /phpmyadmin/ajax.php HTTP/1.1" 200 1641
::1 - - [23/Oct/2018:15:18:02 +0300] "POST /phpmyadmin/version_check.php HTTP/1.1" 200 28
::1 - - [23/Oct/2018:15:18:04 +0300] "GET /phpmyadmin/navigation.php?ajax_request=1&aPath=cm9vdA%3D%3D.N3ph&vPath=cm9vdA%3D%3D.N3ph&pos=0&pos2_name=&pos2_value=&searchClause=&searchClause2=&_nocache=1540297084411359504&token=Pq-.n%5D%3DufuKJ*tW* HTTP/1.1" 200 2764
::1 - - [23/Oct/2018:15:18:05 +0300] "GET /phpmyadmin/themes/pmahomme/img/b_minus.png HTTP/1.1" 200 123
::1 - - [23/Oct/2018:15:18:05 +0300] "GET /phpmyadmin/themes/pmahomme/img/b_props.png HTTP/1.1" 200 573
::1 - - [23/Oct/2018:15:18:05 +0300] "GET /phpmyadmin/themes/pmahomme/img/b_group.png HTTP/1.1" 200 682
::1 - - [23/Oct/2018:15:18:05 +0300] "GET /phpmyadmin/themes/pmahomme/img/b_table_add.png HTTP/1.1" 200 571
::1 - - [23/Oct/2018:15:18:09 +0300] "GET /phpmyadmin/sql.php?server=1&db=7za&table=za_orders&pos=0&ajax_request=true&ajax_page_request=true&_nocache=1540297089558796872&token=Pq-.n%5D%3DufuKJ*tW* HTTP/1.1" 200 16927
::1 - - [23/Oct/2018:15:18:12 +0300] "GET /phpmyadmin/themes/pmahomme/img/b_triggers.png HTTP/1.1" 200 446
::1 - - [23/Oct/2018:15:18:12 +0300] "GET /phpmyadmin/themes/pmahomme/img/b_tblimport.png HTTP/1.1" 200 556
::1 - - [23/Oct/2018:15:18:12 +0300] "GET /phpmyadmin/themes/pmahomme/img/b_tblexport.png HTTP/1.1" 200 514
::1 - - [23/Oct/2018:15:18:12 +0300] "GET /phpmyadmin/themes/pmahomme/img/b_insrow.png HTTP/1.1" 200 157
::1 - - [23/Oct/2018:15:18:12 +0300] "GET /phpmyadmin/themes/pmahomme/img/b_search.png HTTP/1.1" 200 538
::1 - - [23/Oct/2018:15:18:12 +0300] "GET /phpmyadmin/themes/pmahomme/img/b_browse.png HTTP/1.1" 200 486
::1 - - [23/Oct/2018:15:18:12 +0300] "GET /phpmyadmin/themes/pmahomme/img/b_chart.png HTTP/1.1" 200 449
::1 - - [23/Oct/2018:15:18:12 +0300] "GET /phpmyadmin/themes/pmahomme/img/b_view_add.png HTTP/1.1" 200 678
::1 - - [23/Oct/2018:15:18:12 +0300] "GET /phpmyadmin/themes/pmahomme/img/b_print.png HTTP/1.1" 200 639
::1 - - [23/Oct/2018:15:18:12 +0300] "GET /phpmyadmin/themes/pmahomme/img/b_edit.png HTTP/1.1" 200 377
::1 - - [23/Oct/2018:15:18:12 +0300] "GET /phpmyadmin/themes/pmahomme/img/b_drop.png HTTP/1.1" 200 637
::1 - - [23/Oct/2018:15:18:12 +0300] "GET /phpmyadmin/themes/pmahomme/img/s_success.png HTTP/1.1" 200 465
::1 - - [23/Oct/2018:15:18:13 +0300] "GET /phpmyadmin/js/gis_data_editor.js?v=4.8.2 HTTP/1.1" 200 14721
::1 - - [23/Oct/2018:15:18:13 +0300] "GET /phpmyadmin/themes/pmahomme/img/s_fulltext.png HTTP/1.1" 200 176
::1 - - [23/Oct/2018:15:18:13 +0300] "GET /phpmyadmin/js/vendor/jquery/jquery.uitablefilter.js?v=4.8.2 HTTP/1.1" 200 3479
::1 - - [23/Oct/2018:15:18:13 +0300] "GET /phpmyadmin/js/tbl_change.js?v=4.8.2 HTTP/1.1" 200 29050
::1 - - [23/Oct/2018:15:18:13 +0300] "GET /phpmyadmin/js/multi_column_sort.js?v=4.8.2 HTTP/1.1" 200 3284
::1 - - [23/Oct/2018:15:18:13 +0300] "GET /phpmyadmin/js/sql.js?v=4.8.2 HTTP/1.1" 200 38305
::1 - - [23/Oct/2018:15:18:13 +0300] "GET /phpmyadmin/themes/pmahomme/img/arrow_ltr.png HTTP/1.1" 200 101
::1 - - [23/Oct/2018:15:18:13 +0300] "GET /phpmyadmin/js/makegrid.js?v=4.8.2 HTTP/1.1" 200 97665
::1 - - [23/Oct/2018:15:18:14 +0300] "GET /phpmyadmin/themes/pmahomme/img/col_pointer.png HTTP/1.1" 200 102
::1 - - [23/Oct/2018:15:18:14 +0300] "GET /phpmyadmin/themes/pmahomme/img/col_drop.png HTTP/1.1" 200 111
::1 - - [23/Oct/2018:15:40:07 +0300] "GET /phpmyadmin/tbl_structure.php?db=7za&table=za_orders&ajax_request=true&ajax_page_request=true&_nocache=1540298407571941138&token=Pq-.n%5D%3DufuKJ*tW* HTTP/1.1" 200 13932
::1 - - [23/Oct/2018:15:40:11 +0300] "GET /phpmyadmin/themes/pmahomme/img/b_tbloptimize.png HTTP/1.1" 200 153
::1 - - [23/Oct/2018:15:40:11 +0300] "GET /phpmyadmin/themes/pmahomme/img/normalize.png HTTP/1.1" 200 505
::1 - - [23/Oct/2018:15:40:11 +0300] "GET /phpmyadmin/themes/pmahomme/img/b_move.png HTTP/1.1" 200 381
::1 - - [23/Oct/2018:15:40:11 +0300] "GET /phpmyadmin/themes/pmahomme/img/b_ftext.png HTTP/1.1" 200 550
::1 - - [23/Oct/2018:15:40:11 +0300] "GET /phpmyadmin/themes/pmahomme/img/b_tblanalyse.png HTTP/1.1" 200 152
::1 - - [23/Oct/2018:15:40:11 +0300] "GET /phpmyadmin/themes/pmahomme/img/b_unique.png HTTP/1.1" 200 583
::1 - - [23/Oct/2018:15:40:11 +0300] "GET /phpmyadmin/themes/pmahomme/img/b_index.png HTTP/1.1" 200 643
::1 - - [23/Oct/2018:15:40:11 +0300] "GET /phpmyadmin/themes/pmahomme/img/b_primary.png HTTP/1.1" 200 536
::1 - - [23/Oct/2018:15:40:11 +0300] "GET /phpmyadmin/js/tbl_structure.js?v=4.8.2 HTTP/1.1" 200 19866
::1 - - [23/Oct/2018:15:40:19 +0300] "GET /phpmyadmin/sql.php?db=7za&table=za_orders&pos=0&ajax_request=true&ajax_page_request=true&_nocache=1540298419760999770&token=Pq-.n%5D%3DufuKJ*tW* HTTP/1.1" 200 16928
