[Tue Oct 23 12:06:09.398795 2018] [:error] [pid 2088:tid 808] [client ::1:49479] PHP Strict Standards:  Only variables should be assigned by reference in C:\\SERVER\\data\\htdocs\\lib\\config.inc.php on line 156
[Tue Oct 23 12:07:36.770793 2018] [:error] [pid 2088:tid 808] [client ::1:49487] PHP Strict Standards:  Only variables should be assigned by reference in C:\\SERVER\\data\\htdocs\\lib\\config.inc.php on line 156
[Tue Oct 23 12:18:23.782800 2018] [:error] [pid 2088:tid 808] [client ::1:49513] PHP Strict Standards:  Only variables should be assigned by reference in C:\\SERVER\\data\\htdocs\\lib\\config.inc.php on line 156
[Tue Oct 23 12:18:27.785029 2018] [:error] [pid 2088:tid 820] [client ::1:49514] PHP Strict Standards:  Only variables should be assigned by reference in C:\\SERVER\\data\\htdocs\\lib\\config.inc.php on line 156
[Tue Oct 23 14:08:19.194479 2018] [core:warn] [pid 1888:tid 264] AH00098: pid file C:/SERVER/bin/Apache24/logs/httpd.pid overwritten -- Unclean shutdown of previous Apache run?
PHP Warning:  PHP Startup: Unable to load dynamic library 'C:\\SERVER\\bin\\php5\\ext\\php_curl.dll' - \xef\xbf\xbd\xef\xbf\xbd \xef\xbf\xbd\xef\xbf\xbd\xef\xbf\xbd\xef\xbf\xbd\xef\xbf\xbd\xef\xbf\xbd \xef\xbf\xbd\xef\xbf\xbd\xef\xbf\xbd\xef\xbf\xbd\xef\xbf\xbd\xef\xbf\xbd\xef\xbf\xbd\xef\xbf\xbd \xef\xbf\xbd\xef\xbf\xbd\xef\xbf\xbd\xef\xbf\xbd\xef\xbf\xbd.\r\n in Unknown on line 0
PHP Warning:  PHP Startup: Unable to load dynamic library 'C:\\SERVER\\bin\\php5\\ext\\php_intl.dll' - \xef\xbf\xbd\xef\xbf\xbd \xef\xbf\xbd\xef\xbf\xbd\xef\xbf\xbd\xef\xbf\xbd\xef\xbf\xbd\xef\xbf\xbd \xef\xbf\xbd\xef\xbf\xbd\xef\xbf\xbd\xef\xbf\xbd\xef\xbf\xbd\xef\xbf\xbd\xef\xbf\xbd\xef\xbf\xbd \xef\xbf\xbd\xef\xbf\xbd\xef\xbf\xbd\xef\xbf\xbd\xef\xbf\xbd.\r\n in Unknown on line 0
PHP Warning:  PHP Startup: Unable to load dynamic library 'C:\\SERVER\\bin\\php5\\ext\\php_ldap.dll' - \xef\xbf\xbd\xef\xbf\xbd \xef\xbf\xbd\xef\xbf\xbd\xef\xbf\xbd\xef\xbf\xbd\xef\xbf\xbd\xef\xbf\xbd \xef\xbf\xbd\xef\xbf\xbd\xef\xbf\xbd\xef\xbf\xbd\xef\xbf\xbd\xef\xbf\xbd\xef\xbf\xbd\xef\xbf\xbd \xef\xbf\xbd\xef\xbf\xbd\xef\xbf\xbd\xef\xbf\xbd\xef\xbf\xbd.\r\n in Unknown on line 0
PHP Warning:  PHP Startup: Unable to load dynamic library 'C:\\SERVER\\bin\\php5\\ext\\php_openssl.dll' - \xef\xbf\xbd\xef\xbf\xbd \xef\xbf\xbd\xef\xbf\xbd\xef\xbf\xbd\xef\xbf\xbd\xef\xbf\xbd\xef\xbf\xbd \xef\xbf\xbd\xef\xbf\xbd\xef\xbf\xbd\xef\xbf\xbd\xef\xbf\xbd\xef\xbf\xbd\xef\xbf\xbd\xef\xbf\xbd \xef\xbf\xbd\xef\xbf\xbd\xef\xbf\xbd\xef\xbf\xbd\xef\xbf\xbd.\r\n in Unknown on line 0
PHP Warning:  PHP Startup: Unable to load dynamic library 'C:\\SERVER\\bin\\php5\\ext\\php_pdo_pgsql.dll' - \xef\xbf\xbd\xef\xbf\xbd \xef\xbf\xbd\xef\xbf\xbd\xef\xbf\xbd\xef\xbf\xbd\xef\xbf\xbd\xef\xbf\xbd \xef\xbf\xbd\xef\xbf\xbd\xef\xbf\xbd\xef\xbf\xbd\xef\xbf\xbd\xef\xbf\xbd\xef\xbf\xbd\xef\xbf\xbd \xef\xbf\xbd\xef\xbf\xbd\xef\xbf\xbd\xef\xbf\xbd\xef\xbf\xbd.\r\n in Unknown on line 0
PHP Warning:  PHP Startup: Unable to load dynamic library 'C:\\SERVER\\bin\\php5\\ext\\php_pgsql.dll' - \xef\xbf\xbd\xef\xbf\xbd \xef\xbf\xbd\xef\xbf\xbd\xef\xbf\xbd\xef\xbf\xbd\xef\xbf\xbd\xef\xbf\xbd \xef\xbf\xbd\xef\xbf\xbd\xef\xbf\xbd\xef\xbf\xbd\xef\xbf\xbd\xef\xbf\xbd\xef\xbf\xbd\xef\xbf\xbd \xef\xbf\xbd\xef\xbf\xbd\xef\xbf\xbd\xef\xbf\xbd\xef\xbf\xbd.\r\n in Unknown on line 0
PHP Warning:  PHP Startup: Unable to load dynamic library 'C:\\SERVER\\bin\\php5\\ext\\php_sybase_ct.dll' - \xef\xbf\xbd\xef\xbf\xbd \xef\xbf\xbd\xef\xbf\xbd\xef\xbf\xbd\xef\xbf\xbd\xef\xbf\xbd\xef\xbf\xbd \xef\xbf\xbd\xef\xbf\xbd\xef\xbf\xbd\xef\xbf\xbd\xef\xbf\xbd\xef\xbf\xbd\xef\xbf\xbd\xef\xbf\xbd \xef\xbf\xbd\xef\xbf\xbd\xef\xbf\xbd\xef\xbf\xbd\xef\xbf\xbd.\r\n in Unknown on line 0
[Tue Oct 23 14:08:20.894882 2018] [mpm_winnt:notice] [pid 1888:tid 264] AH00455: Apache/2.4.34 (Win64) PHP/5.6.38 configured -- resuming normal operations
[Tue Oct 23 14:08:20.894882 2018] [mpm_winnt:notice] [pid 1888:tid 264] AH00456: Apache Lounge VC15 Server built: Jul 11 2018 13:09:01
[Tue Oct 23 14:08:20.894882 2018] [core:notice] [pid 1888:tid 264] AH00094: Command line: 'C:\\SERVER\\bin\\Apache24\\bin\\httpd.exe -d C:/SERVER/bin/Apache24'
[Tue Oct 23 14:08:20.894882 2018] [mpm_winnt:notice] [pid 1888:tid 264] AH00418: Parent: Created child process 1264
PHP Warning:  PHP Startup: Unable to load dynamic library 'C:\\SERVER\\bin\\php5\\ext\\php_curl.dll' - \xef\xbf\xbd\xef\xbf\xbd \xef\xbf\xbd\xef\xbf\xbd\xef\xbf\xbd\xef\xbf\xbd\xef\xbf\xbd\xef\xbf\xbd \xef\xbf\xbd\xef\xbf\xbd\xef\xbf\xbd\xef\xbf\xbd\xef\xbf\xbd\xef\xbf\xbd\xef\xbf\xbd\xef\xbf\xbd \xef\xbf\xbd\xef\xbf\xbd\xef\xbf\xbd\xef\xbf\xbd\xef\xbf\xbd.\r\n in Unknown on line 0
PHP Warning:  PHP Startup: Unable to load dynamic library 'C:\\SERVER\\bin\\php5\\ext\\php_intl.dll' - \xef\xbf\xbd\xef\xbf\xbd \xef\xbf\xbd\xef\xbf\xbd\xef\xbf\xbd\xef\xbf\xbd\xef\xbf\xbd\xef\xbf\xbd \xef\xbf\xbd\xef\xbf\xbd\xef\xbf\xbd\xef\xbf\xbd\xef\xbf\xbd\xef\xbf\xbd\xef\xbf\xbd\xef\xbf\xbd \xef\xbf\xbd\xef\xbf\xbd\xef\xbf\xbd\xef\xbf\xbd\xef\xbf\xbd.\r\n in Unknown on line 0
PHP Warning:  PHP Startup: Unable to load dynamic library 'C:\\SERVER\\bin\\php5\\ext\\php_ldap.dll' - \xef\xbf\xbd\xef\xbf\xbd \xef\xbf\xbd\xef\xbf\xbd\xef\xbf\xbd\xef\xbf\xbd\xef\xbf\xbd\xef\xbf\xbd \xef\xbf\xbd\xef\xbf\xbd\xef\xbf\xbd\xef\xbf\xbd\xef\xbf\xbd\xef\xbf\xbd\xef\xbf\xbd\xef\xbf\xbd \xef\xbf\xbd\xef\xbf\xbd\xef\xbf\xbd\xef\xbf\xbd\xef\xbf\xbd.\r\n in Unknown on line 0
PHP Warning:  PHP Startup: Unable to load dynamic library 'C:\\SERVER\\bin\\php5\\ext\\php_openssl.dll' - \xef\xbf\xbd\xef\xbf\xbd \xef\xbf\xbd\xef\xbf\xbd\xef\xbf\xbd\xef\xbf\xbd\xef\xbf\xbd\xef\xbf\xbd \xef\xbf\xbd\xef\xbf\xbd\xef\xbf\xbd\xef\xbf\xbd\xef\xbf\xbd\xef\xbf\xbd\xef\xbf\xbd\xef\xbf\xbd \xef\xbf\xbd\xef\xbf\xbd\xef\xbf\xbd\xef\xbf\xbd\xef\xbf\xbd.\r\n in Unknown on line 0
PHP Warning:  PHP Startup: Unable to load dynamic library 'C:\\SERVER\\bin\\php5\\ext\\php_pdo_pgsql.dll' - \xef\xbf\xbd\xef\xbf\xbd \xef\xbf\xbd\xef\xbf\xbd\xef\xbf\xbd\xef\xbf\xbd\xef\xbf\xbd\xef\xbf\xbd \xef\xbf\xbd\xef\xbf\xbd\xef\xbf\xbd\xef\xbf\xbd\xef\xbf\xbd\xef\xbf\xbd\xef\xbf\xbd\xef\xbf\xbd \xef\xbf\xbd\xef\xbf\xbd\xef\xbf\xbd\xef\xbf\xbd\xef\xbf\xbd.\r\n in Unknown on line 0
PHP Warning:  PHP Startup: Unable to load dynamic library 'C:\\SERVER\\bin\\php5\\ext\\php_pgsql.dll' - \xef\xbf\xbd\xef\xbf\xbd \xef\xbf\xbd\xef\xbf\xbd\xef\xbf\xbd\xef\xbf\xbd\xef\xbf\xbd\xef\xbf\xbd \xef\xbf\xbd\xef\xbf\xbd\xef\xbf\xbd\xef\xbf\xbd\xef\xbf\xbd\xef\xbf\xbd\xef\xbf\xbd\xef\xbf\xbd \xef\xbf\xbd\xef\xbf\xbd\xef\xbf\xbd\xef\xbf\xbd\xef\xbf\xbd.\r\n in Unknown on line 0
PHP Warning:  PHP Startup: Unable to load dynamic library 'C:\\SERVER\\bin\\php5\\ext\\php_sybase_ct.dll' - \xef\xbf\xbd\xef\xbf\xbd \xef\xbf\xbd\xef\xbf\xbd\xef\xbf\xbd\xef\xbf\xbd\xef\xbf\xbd\xef\xbf\xbd \xef\xbf\xbd\xef\xbf\xbd\xef\xbf\xbd\xef\xbf\xbd\xef\xbf\xbd\xef\xbf\xbd\xef\xbf\xbd\xef\xbf\xbd \xef\xbf\xbd\xef\xbf\xbd\xef\xbf\xbd\xef\xbf\xbd\xef\xbf\xbd.\r\n in Unknown on line 0
[Tue Oct 23 14:08:21.815284 2018] [mpm_winnt:notice] [pid 1264:tid 304] AH00354: Child: Starting 64 worker threads.
[Tue Oct 23 14:12:55.127901 2018] [:error] [pid 1264:tid 844] [client ::1:49232] PHP Strict Standards:  Only variables should be assigned by reference in C:\\SERVER\\data\\htdocs\\lib\\config.inc.php on line 156
[Tue Oct 23 21:20:52.457005 2018] [mpm_winnt:notice] [pid 1888:tid 264] AH00422: Parent: Received shutdown signal -- Shutting down the server.
[Tue Oct 23 21:21:03.101613 2018] [mpm_winnt:notice] [pid 1264:tid 304] AH00364: Child: All worker threads have exited.
[Tue Oct 23 21:21:23.642788 2018] [mpm_winnt:notice] [pid 1888:tid 264] AH00431: Parent: Forcing termination of child process 1264
PHP Warning:  PHP Startup: Unable to load dynamic library 'C:\\SERVER\\bin\\php5\\ext\\php_curl.dll' - \xef\xbf\xbd\xef\xbf\xbd \xef\xbf\xbd\xef\xbf\xbd\xef\xbf\xbd\xef\xbf\xbd\xef\xbf\xbd\xef\xbf\xbd \xef\xbf\xbd\xef\xbf\xbd\xef\xbf\xbd\xef\xbf\xbd\xef\xbf\xbd\xef\xbf\xbd\xef\xbf\xbd\xef\xbf\xbd \xef\xbf\xbd\xef\xbf\xbd\xef\xbf\xbd\xef\xbf\xbd\xef\xbf\xbd.\r\n in Unknown on line 0
PHP Warning:  PHP Startup: Unable to load dynamic library 'C:\\SERVER\\bin\\php5\\ext\\php_intl.dll' - \xef\xbf\xbd\xef\xbf\xbd \xef\xbf\xbd\xef\xbf\xbd\xef\xbf\xbd\xef\xbf\xbd\xef\xbf\xbd\xef\xbf\xbd \xef\xbf\xbd\xef\xbf\xbd\xef\xbf\xbd\xef\xbf\xbd\xef\xbf\xbd\xef\xbf\xbd\xef\xbf\xbd\xef\xbf\xbd \xef\xbf\xbd\xef\xbf\xbd\xef\xbf\xbd\xef\xbf\xbd\xef\xbf\xbd.\r\n in Unknown on line 0
PHP Warning:  PHP Startup: Unable to load dynamic library 'C:\\SERVER\\bin\\php5\\ext\\php_ldap.dll' - \xef\xbf\xbd\xef\xbf\xbd \xef\xbf\xbd\xef\xbf\xbd\xef\xbf\xbd\xef\xbf\xbd\xef\xbf\xbd\xef\xbf\xbd \xef\xbf\xbd\xef\xbf\xbd\xef\xbf\xbd\xef\xbf\xbd\xef\xbf\xbd\xef\xbf\xbd\xef\xbf\xbd\xef\xbf\xbd \xef\xbf\xbd\xef\xbf\xbd\xef\xbf\xbd\xef\xbf\xbd\xef\xbf\xbd.\r\n in Unknown on line 0
PHP Warning:  PHP Startup: Unable to load dynamic library 'C:\\SERVER\\bin\\php5\\ext\\php_openssl.dll' - \xef\xbf\xbd\xef\xbf\xbd \xef\xbf\xbd\xef\xbf\xbd\xef\xbf\xbd\xef\xbf\xbd\xef\xbf\xbd\xef\xbf\xbd \xef\xbf\xbd\xef\xbf\xbd\xef\xbf\xbd\xef\xbf\xbd\xef\xbf\xbd\xef\xbf\xbd\xef\xbf\xbd\xef\xbf\xbd \xef\xbf\xbd\xef\xbf\xbd\xef\xbf\xbd\xef\xbf\xbd\xef\xbf\xbd.\r\n in Unknown on line 0
PHP Warning:  PHP Startup: Unable to load dynamic library 'C:\\SERVER\\bin\\php5\\ext\\php_pdo_pgsql.dll' - \xef\xbf\xbd\xef\xbf\xbd \xef\xbf\xbd\xef\xbf\xbd\xef\xbf\xbd\xef\xbf\xbd\xef\xbf\xbd\xef\xbf\xbd \xef\xbf\xbd\xef\xbf\xbd\xef\xbf\xbd\xef\xbf\xbd\xef\xbf\xbd\xef\xbf\xbd\xef\xbf\xbd\xef\xbf\xbd \xef\xbf\xbd\xef\xbf\xbd\xef\xbf\xbd\xef\xbf\xbd\xef\xbf\xbd.\r\n in Unknown on line 0
PHP Warning:  PHP Startup: Unable to load dynamic library 'C:\\SERVER\\bin\\php5\\ext\\php_pgsql.dll' - \xef\xbf\xbd\xef\xbf\xbd \xef\xbf\xbd\xef\xbf\xbd\xef\xbf\xbd\xef\xbf\xbd\xef\xbf\xbd\xef\xbf\xbd \xef\xbf\xbd\xef\xbf\xbd\xef\xbf\xbd\xef\xbf\xbd\xef\xbf\xbd\xef\xbf\xbd\xef\xbf\xbd\xef\xbf\xbd \xef\xbf\xbd\xef\xbf\xbd\xef\xbf\xbd\xef\xbf\xbd\xef\xbf\xbd.\r\n in Unknown on line 0
PHP Warning:  PHP Startup: Unable to load dynamic library 'C:\\SERVER\\bin\\php5\\ext\\php_sybase_ct.dll' - \xef\xbf\xbd\xef\xbf\xbd \xef\xbf\xbd\xef\xbf\xbd\xef\xbf\xbd\xef\xbf\xbd\xef\xbf\xbd\xef\xbf\xbd \xef\xbf\xbd\xef\xbf\xbd\xef\xbf\xbd\xef\xbf\xbd\xef\xbf\xbd\xef\xbf\xbd\xef\xbf\xbd\xef\xbf\xbd \xef\xbf\xbd\xef\xbf\xbd\xef\xbf\xbd\xef\xbf\xbd\xef\xbf\xbd.\r\n in Unknown on line 0
[Tue Oct 23 21:22:59.912363 2018] [mpm_winnt:notice] [pid 1952:tid 376] AH00455: Apache/2.4.34 (Win64) PHP/5.6.38 configured -- resuming normal operations
[Tue Oct 23 21:22:59.913363 2018] [mpm_winnt:notice] [pid 1952:tid 376] AH00456: Apache Lounge VC15 Server built: Jul 11 2018 13:09:01
[Tue Oct 23 21:22:59.913363 2018] [core:notice] [pid 1952:tid 376] AH00094: Command line: 'C:\\SERVER\\bin\\Apache24\\bin\\httpd.exe -d C:/SERVER/bin/Apache24'
[Tue Oct 23 21:22:59.915363 2018] [mpm_winnt:notice] [pid 1952:tid 376] AH00418: Parent: Created child process 1444
PHP Warning:  PHP Startup: Unable to load dynamic library 'C:\\SERVER\\bin\\php5\\ext\\php_curl.dll' - \xef\xbf\xbd\xef\xbf\xbd \xef\xbf\xbd\xef\xbf\xbd\xef\xbf\xbd\xef\xbf\xbd\xef\xbf\xbd\xef\xbf\xbd \xef\xbf\xbd\xef\xbf\xbd\xef\xbf\xbd\xef\xbf\xbd\xef\xbf\xbd\xef\xbf\xbd\xef\xbf\xbd\xef\xbf\xbd \xef\xbf\xbd\xef\xbf\xbd\xef\xbf\xbd\xef\xbf\xbd\xef\xbf\xbd.\r\n in Unknown on line 0
PHP Warning:  PHP Startup: Unable to load dynamic library 'C:\\SERVER\\bin\\php5\\ext\\php_intl.dll' - \xef\xbf\xbd\xef\xbf\xbd \xef\xbf\xbd\xef\xbf\xbd\xef\xbf\xbd\xef\xbf\xbd\xef\xbf\xbd\xef\xbf\xbd \xef\xbf\xbd\xef\xbf\xbd\xef\xbf\xbd\xef\xbf\xbd\xef\xbf\xbd\xef\xbf\xbd\xef\xbf\xbd\xef\xbf\xbd \xef\xbf\xbd\xef\xbf\xbd\xef\xbf\xbd\xef\xbf\xbd\xef\xbf\xbd.\r\n in Unknown on line 0
PHP Warning:  PHP Startup: Unable to load dynamic library 'C:\\SERVER\\bin\\php5\\ext\\php_ldap.dll' - \xef\xbf\xbd\xef\xbf\xbd \xef\xbf\xbd\xef\xbf\xbd\xef\xbf\xbd\xef\xbf\xbd\xef\xbf\xbd\xef\xbf\xbd \xef\xbf\xbd\xef\xbf\xbd\xef\xbf\xbd\xef\xbf\xbd\xef\xbf\xbd\xef\xbf\xbd\xef\xbf\xbd\xef\xbf\xbd \xef\xbf\xbd\xef\xbf\xbd\xef\xbf\xbd\xef\xbf\xbd\xef\xbf\xbd.\r\n in Unknown on line 0
PHP Warning:  PHP Startup: Unable to load dynamic library 'C:\\SERVER\\bin\\php5\\ext\\php_openssl.dll' - \xef\xbf\xbd\xef\xbf\xbd \xef\xbf\xbd\xef\xbf\xbd\xef\xbf\xbd\xef\xbf\xbd\xef\xbf\xbd\xef\xbf\xbd \xef\xbf\xbd\xef\xbf\xbd\xef\xbf\xbd\xef\xbf\xbd\xef\xbf\xbd\xef\xbf\xbd\xef\xbf\xbd\xef\xbf\xbd \xef\xbf\xbd\xef\xbf\xbd\xef\xbf\xbd\xef\xbf\xbd\xef\xbf\xbd.\r\n in Unknown on line 0
PHP Warning:  PHP Startup: Unable to load dynamic library 'C:\\SERVER\\bin\\php5\\ext\\php_pdo_pgsql.dll' - \xef\xbf\xbd\xef\xbf\xbd \xef\xbf\xbd\xef\xbf\xbd\xef\xbf\xbd\xef\xbf\xbd\xef\xbf\xbd\xef\xbf\xbd \xef\xbf\xbd\xef\xbf\xbd\xef\xbf\xbd\xef\xbf\xbd\xef\xbf\xbd\xef\xbf\xbd\xef\xbf\xbd\xef\xbf\xbd \xef\xbf\xbd\xef\xbf\xbd\xef\xbf\xbd\xef\xbf\xbd\xef\xbf\xbd.\r\n in Unknown on line 0
PHP Warning:  PHP Startup: Unable to load dynamic library 'C:\\SERVER\\bin\\php5\\ext\\php_pgsql.dll' - \xef\xbf\xbd\xef\xbf\xbd \xef\xbf\xbd\xef\xbf\xbd\xef\xbf\xbd\xef\xbf\xbd\xef\xbf\xbd\xef\xbf\xbd \xef\xbf\xbd\xef\xbf\xbd\xef\xbf\xbd\xef\xbf\xbd\xef\xbf\xbd\xef\xbf\xbd\xef\xbf\xbd\xef\xbf\xbd \xef\xbf\xbd\xef\xbf\xbd\xef\xbf\xbd\xef\xbf\xbd\xef\xbf\xbd.\r\n in Unknown on line 0
PHP Warning:  PHP Startup: Unable to load dynamic library 'C:\\SERVER\\bin\\php5\\ext\\php_sybase_ct.dll' - \xef\xbf\xbd\xef\xbf\xbd \xef\xbf\xbd\xef\xbf\xbd\xef\xbf\xbd\xef\xbf\xbd\xef\xbf\xbd\xef\xbf\xbd \xef\xbf\xbd\xef\xbf\xbd\xef\xbf\xbd\xef\xbf\xbd\xef\xbf\xbd\xef\xbf\xbd\xef\xbf\xbd\xef\xbf\xbd \xef\xbf\xbd\xef\xbf\xbd\xef\xbf\xbd\xef\xbf\xbd\xef\xbf\xbd.\r\n in Unknown on line 0
[Tue Oct 23 21:23:00.737410 2018] [mpm_winnt:notice] [pid 1444:tid 304] AH00354: Child: Starting 64 worker threads.
[Tue Oct 23 21:40:26.682235 2018] [mpm_winnt:notice] [pid 1952:tid 376] AH00422: Parent: Received shutdown signal -- Shutting down the server.
[Tue Oct 23 21:40:28.684349 2018] [mpm_winnt:notice] [pid 1444:tid 304] AH00364: Child: All worker threads have exited.
[Tue Oct 23 21:40:28.717351 2018] [mpm_winnt:notice] [pid 1952:tid 376] AH00430: Parent: Child process 1444 exited successfully.
